<?xml version="1.0" encoding="UTF-8"?>
<!-- Generated by org.testng.reporters.JUnitReportReporter -->
<testsuite skipped="0" hostname="LAPTOP-JJOBRPIE" name="selenium.TestSearch" tests="3" failures="0" timestamp="2021-08-13T10:19:51 CST" time="17.272" errors="0">
  <testcase name="Test_Search_WithData" time="4.957" classname="selenium.TestSearch"/>
  <testcase name="Test_Search_WithData" time="4.718" classname="selenium.TestSearch"/>
  <testcase name="Test_Search_WithData" time="7.597" classname="selenium.TestSearch"/>
</testsuite> <!-- selenium.TestSearch -->
