<?xml version="1.0" encoding="UTF-8"?>
<!-- Generated by org.testng.reporters.JUnitReportReporter -->
<testsuite skipped="0" hostname="LAPTOP-JJOBRPIE" name="TestSearch" tests="2" failures="0" timestamp="2021-08-05T11:29:49 CST" time="43.553" errors="0">
  <testcase name="Test_Empty_Results" time="36.642" classname="TestSearch"/>
  <testcase name="Validate_Search" time="6.911" classname="TestSearch"/>
</testsuite> <!-- TestSearch -->
