<?xml version="1.0" encoding="UTF-8"?>
<!-- Generated by org.testng.reporters.JUnitReportReporter -->
<testsuite skipped="0" hostname="LAPTOP-JJOBRPIE" name="TestAccount" tests="2" failures="0" timestamp="2021-08-05T11:09:54 CST" time="16.522" errors="0">
  <testcase name="Test_Login_Unsuccessful" time="5.451" classname="TestAccount"/>
  <testcase name="Test_Login_Successful" time="11.071" classname="TestAccount"/>
</testsuite> <!-- TestAccount -->
