<?xml version="1.0" encoding="UTF-8"?>
<!-- Generated by org.testng.reporters.JUnitReportReporter -->
<testsuite skipped="0" hostname="LAPTOP-JJOBRPIE" name="TestAccount" tests="2" failures="0" timestamp="2021-08-05T11:29:49 CST" time="11.713" errors="0">
  <testcase name="Test_Login_Unsuccessful" time="5.294" classname="TestAccount"/>
  <testcase name="Test_Login_Successful" time="6.419" classname="TestAccount"/>
</testsuite> <!-- TestAccount -->
